Analysis & Synthesis report for HDL-Project
Fri Jan 26 17:23:47 2024
Quartus II Version 9.0 Build 132 02/25/2009 SJ Web Edition


---------------------
; Table of Contents ;
---------------------
  1. Legal Notice
  2. Analysis & Synthesis Summary
  3. Analysis & Synthesis Settings
  4. Analysis & Synthesis Source Files Read
  5. Analysis & Synthesis Resource Usage Summary
  6. Analysis & Synthesis Resource Utilization by Entity
  7. User-Specified and Inferred Latches
  8. General Register Statistics
  9. Multiplexer Restructuring Statistics (Restructuring Performed)
 10. Analysis & Synthesis Messages
 11. Analysis & Synthesis Suppressed Messages



----------------
; Legal Notice ;
----------------
Copyright (C) 1991-2009 Altera Corporation
Your use of Altera Corporation's design tools, logic functions 
and other software and tools, and its AMPP partner logic 
functions, and any output files from any of the foregoing 
(including device programming or simulation files), and any 
associated documentation or information are expressly subject 
to the terms and conditions of the Altera Program License 
Subscription Agreement, Altera MegaCore Function License 
Agreement, or other applicable license agreement, including, 
without limitation, that your use is for the sole purpose of 
programming logic devices manufactured by Altera and sold by 
Altera or its authorized distributors.  Please refer to the 
applicable agreement for further details.



+-------------------------------------------------------------------------+
; Analysis & Synthesis Summary                                            ;
+-------------------------------+-----------------------------------------+
; Analysis & Synthesis Status   ; Successful - Fri Jan 26 17:23:47 2024   ;
; Quartus II Version            ; 9.0 Build 132 02/25/2009 SJ Web Edition ;
; Revision Name                 ; HDL-Project                             ;
; Top-level Entity Name         ; Behavioral_ALU                          ;
; Family                        ; Stratix II                              ;
; Logic utilization             ; N/A                                     ;
;     Combinational ALUTs       ; 19                                      ;
;     Dedicated logic registers ; 0                                       ;
; Total registers               ; 0                                       ;
; Total pins                    ; 20                                      ;
; Total virtual pins            ; 0                                       ;
; Total block memory bits       ; 0                                       ;
; DSP block 9-bit elements      ; 0                                       ;
; Total PLLs                    ; 0                                       ;
; Total DLLs                    ; 0                                       ;
+-------------------------------+-----------------------------------------+


+----------------------------------------------------------------------------------------------------------+
; Analysis & Synthesis Settings                                                                            ;
+----------------------------------------------------------------+--------------------+--------------------+
; Option                                                         ; Setting            ; Default Value      ;
+----------------------------------------------------------------+--------------------+--------------------+
; Top-level entity name                                          ; Behavioral_ALU     ; HDL-Project        ;
; Family name                                                    ; Stratix II         ; Stratix II         ;
; Use Generated Physical Constraints File                        ; Off                ;                    ;
; Use smart compilation                                          ; Off                ; Off                ;
; Restructure Multiplexers                                       ; Auto               ; Auto               ;
; Create Debugging Nodes for IP Cores                            ; Off                ; Off                ;
; Preserve fewer node names                                      ; On                 ; On                 ;
; Disable OpenCore Plus hardware evaluation                      ; Off                ; Off                ;
; Verilog Version                                                ; Verilog_2001       ; Verilog_2001       ;
; VHDL Version                                                   ; VHDL93             ; VHDL93             ;
; State Machine Processing                                       ; Auto               ; Auto               ;
; Safe State Machine                                             ; Off                ; Off                ;
; Extract Verilog State Machines                                 ; On                 ; On                 ;
; Extract VHDL State Machines                                    ; On                 ; On                 ;
; Ignore Verilog initial constructs                              ; Off                ; Off                ;
; Iteration limit for constant Verilog loops                     ; 5000               ; 5000               ;
; Iteration limit for non-constant Verilog loops                 ; 250                ; 250                ;
; Add Pass-Through Logic to Inferred RAMs                        ; On                 ; On                 ;
; Parallel Synthesis                                             ; Off                ; Off                ;
; DSP Block Balancing                                            ; Auto               ; Auto               ;
; NOT Gate Push-Back                                             ; On                 ; On                 ;
; Power-Up Don't Care                                            ; On                 ; On                 ;
; Remove Redundant Logic Cells                                   ; Off                ; Off                ;
; Remove Duplicate Registers                                     ; On                 ; On                 ;
; Ignore CARRY Buffers                                           ; Off                ; Off                ;
; Ignore CASCADE Buffers                                         ; Off                ; Off                ;
; Ignore GLOBAL Buffers                                          ; Off                ; Off                ;
; Ignore ROW GLOBAL Buffers                                      ; Off                ; Off                ;
; Ignore LCELL Buffers                                           ; Off                ; Off                ;
; Ignore SOFT Buffers                                            ; On                 ; On                 ;
; Limit AHDL Integers to 32 Bits                                 ; Off                ; Off                ;
; Optimization Technique                                         ; Balanced           ; Balanced           ;
; Carry Chain Length                                             ; 70                 ; 70                 ;
; Auto Carry Chains                                              ; On                 ; On                 ;
; Auto Open-Drain Pins                                           ; On                 ; On                 ;
; Perform WYSIWYG Primitive Resynthesis                          ; Off                ; Off                ;
; Auto ROM Replacement                                           ; On                 ; On                 ;
; Auto RAM Replacement                                           ; On                 ; On                 ;
; Auto DSP Block Replacement                                     ; On                 ; On                 ;
; Auto Shift Register Replacement                                ; Auto               ; Auto               ;
; Auto Clock Enable Replacement                                  ; On                 ; On                 ;
; Strict RAM Replacement                                         ; Off                ; Off                ;
; Allow Synchronous Control Signals                              ; On                 ; On                 ;
; Force Use of Synchronous Clear Signals                         ; Off                ; Off                ;
; Auto RAM Block Balancing                                       ; On                 ; On                 ;
; Auto RAM to Logic Cell Conversion                              ; Off                ; Off                ;
; Auto Resource Sharing                                          ; Off                ; Off                ;
; Allow Any RAM Size For Recognition                             ; Off                ; Off                ;
; Allow Any ROM Size For Recognition                             ; Off                ; Off                ;
; Allow Any Shift Register Size For Recognition                  ; Off                ; Off                ;
; Use LogicLock Constraints during Resource Balancing            ; On                 ; On                 ;
; Ignore translate_off and synthesis_off directives              ; Off                ; Off                ;
; Timing-Driven Synthesis                                        ; Off                ; Off                ;
; Show Parameter Settings Tables in Synthesis Report             ; On                 ; On                 ;
; Ignore Maximum Fan-Out Assignments                             ; Off                ; Off                ;
; Synchronization Register Chain Length                          ; 2                  ; 2                  ;
; PowerPlay Power Optimization                                   ; Normal compilation ; Normal compilation ;
; HDL message level                                              ; Level2             ; Level2             ;
; Suppress Register Optimization Related Messages                ; Off                ; Off                ;
; Number of Removed Registers Reported in Synthesis Report       ; 100                ; 100                ;
; Number of Inverted Registers Reported in Synthesis Report      ; 100                ; 100                ;
; Clock MUX Protection                                           ; On                 ; On                 ;
; Auto Gated Clock Conversion                                    ; Off                ; Off                ;
; Block Design Naming                                            ; Auto               ; Auto               ;
; SDC constraint protection                                      ; Off                ; Off                ;
; Synthesis Effort                                               ; Auto               ; Auto               ;
; Allows Asynchronous Clear Usage For Shift Register Replacement ; On                 ; On                 ;
; Analysis & Synthesis Message Level                             ; Medium             ; Medium             ;
+----------------------------------------------------------------+--------------------+--------------------+


+---------------------------------------------------------------------------------------------------------------------+
; Analysis & Synthesis Source Files Read                                                                              ;
+----------------------------------+-----------------+------------------------+---------------------------------------+
; File Name with User-Entered Path ; Used in Netlist ; File Type              ; File Name with Absolute Path          ;
+----------------------------------+-----------------+------------------------+---------------------------------------+
; Full_Adder.v                     ; yes             ; User Verilog HDL File  ; C:/altera/90/quartus/Full_Adder.v     ;
; Addition.v                       ; yes             ; User Verilog HDL File  ; C:/altera/90/quartus/Addition.v       ;
; Subtraction.v                    ; yes             ; User Verilog HDL File  ; C:/altera/90/quartus/Subtraction.v    ;
; Bitwise_And.v                    ; yes             ; User Verilog HDL File  ; C:/altera/90/quartus/Bitwise_And.v    ;
; Bitwise_OR.v                     ; yes             ; User Verilog HDL File  ; C:/altera/90/quartus/Bitwise_OR.v     ;
; Behavioral_ALU.v                 ; yes             ; User Verilog HDL File  ; C:/altera/90/quartus/Behavioral_ALU.v ;
+----------------------------------+-----------------+------------------------+---------------------------------------+


+-------------------------------------------------------+
; Analysis & Synthesis Resource Usage Summary           ;
+-----------------------------------------------+-------+
; Resource                                      ; Usage ;
+-----------------------------------------------+-------+
; Estimated ALUTs Used                          ; 19    ;
; Dedicated logic registers                     ; 0     ;
;                                               ;       ;
; Estimated ALUTs Unavailable                   ; 1     ;
;                                               ;       ;
; Total combinational functions                 ; 19    ;
; Combinational ALUT usage by number of inputs  ;       ;
;     -- 7 input functions                      ; 0     ;
;     -- 6 input functions                      ; 2     ;
;     -- 5 input functions                      ; 6     ;
;     -- 4 input functions                      ; 1     ;
;     -- <=3 input functions                    ; 10    ;
;                                               ;       ;
; Combinational ALUTs by mode                   ;       ;
;     -- normal mode                            ; 19    ;
;     -- extended LUT mode                      ; 0     ;
;     -- arithmetic mode                        ; 0     ;
;     -- shared arithmetic mode                 ; 0     ;
;                                               ;       ;
; Estimated ALUT/register pairs used            ; 19    ;
;                                               ;       ;
; Total registers                               ; 0     ;
;     -- Dedicated logic registers              ; 0     ;
;     -- I/O registers                          ; 0     ;
;                                               ;       ;
; Estimated ALMs:  partially or completely used ; 10    ;
;                                               ;       ;
; I/O pins                                      ; 20    ;
; Maximum fan-out node                          ; F[0]  ;
; Maximum fan-out                               ; 7     ;
; Total fan-out                                 ; 88    ;
; Average fan-out                               ; 2.26  ;
+-----------------------------------------------+-------+


+---------------------------------------------------------------------------------------------------------------------------------------------------------------------------------------------------------------------------------+
; Analysis & Synthesis Resource Utilization by Entity                                                                                                                                                                             ;
+----------------------------+-------------------+--------------+-------------------+--------------+---------+-----------+-----------+------+--------------+-------------------------------------------------------+--------------+
; Compilation Hierarchy Node ; LC Combinationals ; LC Registers ; Block Memory Bits ; DSP Elements ; DSP 9x9 ; DSP 18x18 ; DSP 36x36 ; Pins ; Virtual Pins ; Full Hierarchy Name                                   ; Library Name ;
+----------------------------+-------------------+--------------+-------------------+--------------+---------+-----------+-----------+------+--------------+-------------------------------------------------------+--------------+
; |Behavioral_ALU            ; 19 (11)           ; 0 (0)        ; 0                 ; 0            ; 0       ; 0         ; 0         ; 20   ; 0            ; |Behavioral_ALU                                       ; work         ;
;    |Addition:comb_4|       ; 4 (1)             ; 0 (0)        ; 0                 ; 0            ; 0       ; 0         ; 0         ; 0    ; 0            ; |Behavioral_ALU|Addition:comb_4                       ; work         ;
;       |Full_Adder:comb_5|  ; 1 (1)             ; 0 (0)        ; 0                 ; 0            ; 0       ; 0         ; 0         ; 0    ; 0            ; |Behavioral_ALU|Addition:comb_4|Full_Adder:comb_5     ; work         ;
;       |Full_Adder:comb_6|  ; 1 (1)             ; 0 (0)        ; 0                 ; 0            ; 0       ; 0         ; 0         ; 0    ; 0            ; |Behavioral_ALU|Addition:comb_4|Full_Adder:comb_6     ; work         ;
;       |Full_Adder:comb_7|  ; 1 (1)             ; 0 (0)        ; 0                 ; 0            ; 0       ; 0         ; 0         ; 0    ; 0            ; |Behavioral_ALU|Addition:comb_4|Full_Adder:comb_7     ; work         ;
;    |Subtraction:comb_5|    ; 4 (1)             ; 0 (0)        ; 0                 ; 0            ; 0       ; 0         ; 0         ; 0    ; 0            ; |Behavioral_ALU|Subtraction:comb_5                    ; work         ;
;       |Full_Adder:comb_10| ; 1 (1)             ; 0 (0)        ; 0                 ; 0            ; 0       ; 0         ; 0         ; 0    ; 0            ; |Behavioral_ALU|Subtraction:comb_5|Full_Adder:comb_10 ; work         ;
;       |Full_Adder:comb_6|  ; 1 (1)             ; 0 (0)        ; 0                 ; 0            ; 0       ; 0         ; 0         ; 0    ; 0            ; |Behavioral_ALU|Subtraction:comb_5|Full_Adder:comb_6  ; work         ;
;       |Full_Adder:comb_8|  ; 1 (1)             ; 0 (0)        ; 0                 ; 0            ; 0       ; 0         ; 0         ; 0    ; 0            ; |Behavioral_ALU|Subtraction:comb_5|Full_Adder:comb_8  ; work         ;
+----------------------------+-------------------+--------------+-------------------+--------------+---------+-----------+-----------+------+--------------+-------------------------------------------------------+--------------+
Note: For table entries with two numbers listed, the numbers in parentheses indicate the number of resources of the given type used by the specific entity alone. The numbers listed outside of parentheses indicate the total resources of the given type used by the specific entity and all of its sub-entities in the hierarchy.


+---------------------------------------------------------------------------------------------------+
; User-Specified and Inferred Latches                                                               ;
+----------------------------------------------------+---------------------+------------------------+
; Latch Name                                         ; Latch Enable Signal ; Free of Timing Hazards ;
+----------------------------------------------------+---------------------+------------------------+
; Cout_Add$latch                                     ; Decoder0            ; yes                    ;
; Cout_Sub$latch                                     ; Decoder0            ; yes                    ;
; OverFlow_Add$latch                                 ; Decoder0            ; yes                    ;
; Overflow_Sub$latch                                 ; Decoder0            ; yes                    ;
; Number of user-specified and inferred latches = 4  ;                     ;                        ;
+----------------------------------------------------+---------------------+------------------------+
Note: All latches listed above may not be present at the end of synthesis due to various synthesis optimizations.


+------------------------------------------------------+
; General Register Statistics                          ;
+----------------------------------------------+-------+
; Statistic                                    ; Value ;
+----------------------------------------------+-------+
; Total registers                              ; 0     ;
; Number of registers using Synchronous Clear  ; 0     ;
; Number of registers using Synchronous Load   ; 0     ;
; Number of registers using Asynchronous Clear ; 0     ;
; Number of registers using Asynchronous Load  ; 0     ;
; Number of registers using Clock Enable       ; 0     ;
; Number of registers using Preset             ; 0     ;
+----------------------------------------------+-------+


+------------------------------------------------------------------------------------------------------------------------------------------+
; Multiplexer Restructuring Statistics (Restructuring Performed)                                                                           ;
+--------------------+-----------+---------------+----------------------+------------------------+------------+----------------------------+
; Multiplexer Inputs ; Bus Width ; Baseline Area ; Area if Restructured ; Saving if Restructured ; Registered ; Example Multiplexer Output ;
+--------------------+-----------+---------------+----------------------+------------------------+------------+----------------------------+
; 4:1                ; 4 bits    ; 8 ALUTs       ; 8 ALUTs              ; 0 ALUTs                ; No         ; |Behavioral_ALU|Mux0       ;
+--------------------+-----------+---------------+----------------------+------------------------+------------+----------------------------+


+-------------------------------+
; Analysis & Synthesis Messages ;
+-------------------------------+
Info: *******************************************************************
Info: Running Quartus II Analysis & Synthesis
    Info: Version 9.0 Build 132 02/25/2009 SJ Web Edition
    Info: Processing started: Fri Jan 26 17:23:46 2024
Info: Command: quartus_map --read_settings_files=on --write_settings_files=off HDL-Project -c HDL-Project
Info: Found 1 design units, including 1 entities, in source file Full_Adder.v
    Info: Found entity 1: Full_Adder
Info: Found 1 design units, including 1 entities, in source file Addition.v
    Info: Found entity 1: Addition
Info: Found 1 design units, including 1 entities, in source file Subtraction.v
    Info: Found entity 1: Subtraction
Info: Found 1 design units, including 1 entities, in source file Bitwise_And.v
    Info: Found entity 1: Bitwise_And
Info: Found 1 design units, including 1 entities, in source file Bitwise_OR.v
    Info: Found entity 1: Bitwise_OR
Info: Found 1 design units, including 1 entities, in source file DataFlow_ALU.v
    Info: Found entity 1: DataFlow_ALU
Info: Found 1 design units, including 1 entities, in source file Behavioral_ALU.v
    Info: Found entity 1: Behavioral_ALU
Info: Found 1 design units, including 1 entities, in source file Full_Adder_Schematic.bdf
    Info: Found entity 1: Full_Adder_Schematic
Info: Found 1 design units, including 1 entities, in source file Addition-Schematic.bdf
    Info: Found entity 1: Addition-Schematic
Info: Found 1 design units, including 1 entities, in source file Subtraction-Schematic.bdf
    Info: Found entity 1: Subtraction-Schematic
Info: Found 1 design units, including 1 entities, in source file AND- Schematic.bdf
    Info: Found entity 1: AND- Schematic
Info: Found 1 design units, including 1 entities, in source file OR-Schematic.bdf
    Info: Found entity 1: OR-Schematic
Info: Found 1 design units, including 1 entities, in source file DataFlow_Schematic.bdf
    Info: Found entity 1: DataFlow_Schematic
Critical Warning (10846): Verilog HDL Instantiation warning at Addition.v(4): instance has no name
Critical Warning (10846): Verilog HDL Instantiation warning at Addition.v(5): instance has no name
Critical Warning (10846): Verilog HDL Instantiation warning at Addition.v(6): instance has no name
Critical Warning (10846): Verilog HDL Instantiation warning at Addition.v(7): instance has no name
Critical Warning (10846): Verilog HDL Instantiation warning at Subtraction.v(5): instance has no name
Critical Warning (10846): Verilog HDL Instantiation warning at Subtraction.v(6): instance has no name
Critical Warning (10846): Verilog HDL Instantiation warning at Subtraction.v(7): instance has no name
Critical Warning (10846): Verilog HDL Instantiation warning at Subtraction.v(8): instance has no name
Critical Warning (10846): Verilog HDL Instantiation warning at DataFlow_ALU.v(6): instance has no name
Critical Warning (10846): Verilog HDL Instantiation warning at DataFlow_ALU.v(8): instance has no name
Critical Warning (10846): Verilog HDL Instantiation warning at DataFlow_ALU.v(10): instance has no name
Critical Warning (10846): Verilog HDL Instantiation warning at DataFlow_ALU.v(12): instance has no name
Critical Warning (10846): Verilog HDL Instantiation warning at Behavioral_ALU.v(9): instance has no name
Critical Warning (10846): Verilog HDL Instantiation warning at Behavioral_ALU.v(10): instance has no name
Critical Warning (10846): Verilog HDL Instantiation warning at Behavioral_ALU.v(11): instance has no name
Critical Warning (10846): Verilog HDL Instantiation warning at Behavioral_ALU.v(12): instance has no name
Info: Elaborating entity "Behavioral_ALU" for the top level hierarchy
Warning (10240): Verilog HDL Always Construct warning at Behavioral_ALU.v(15): inferring latch(es) for variable "Cout_Sub", which holds its previous value in one or more paths through the always construct
Warning (10240): Verilog HDL Always Construct warning at Behavioral_ALU.v(15): inferring latch(es) for variable "Overflow_Sub", which holds its previous value in one or more paths through the always construct
Warning (10240): Verilog HDL Always Construct warning at Behavioral_ALU.v(15): inferring latch(es) for variable "Cout_Add", which holds its previous value in one or more paths through the always construct
Warning (10240): Verilog HDL Always Construct warning at Behavioral_ALU.v(15): inferring latch(es) for variable "OverFlow_Add", which holds its previous value in one or more paths through the always construct
Info (10041): Inferred latch for "OverFlow_Add" at Behavioral_ALU.v(15)
Info (10041): Inferred latch for "Cout_Add" at Behavioral_ALU.v(15)
Info (10041): Inferred latch for "Overflow_Sub" at Behavioral_ALU.v(15)
Info (10041): Inferred latch for "Cout_Sub" at Behavioral_ALU.v(15)
Info: Elaborating entity "Addition" for hierarchy "Addition:comb_4"
Info: Elaborating entity "Full_Adder" for hierarchy "Addition:comb_4|Full_Adder:comb_4"
Info: Elaborating entity "Subtraction" for hierarchy "Subtraction:comb_5"
Info: Elaborating entity "Bitwise_And" for hierarchy "Bitwise_And:comb_6"
Info: Elaborating entity "Bitwise_OR" for hierarchy "Bitwise_OR:comb_7"
Warning: Ignored assignments for entity "Bitwise_XOR" -- entity does not exist in design
    Warning: Assignment of entity set_global_assignment -name LL_ROOT_REGION ON -entity Bitwise_XOR -section_id "Root Region" is ignored
    Warning: Assignment of entity set_global_assignment -name LL_MEMBER_STATE LOCKED -entity Bitwise_XOR -section_id "Root Region" is ignored
Warning: Ignored assignments for entity "HDL-Project" -- entity does not exist in design
    Warning: Assignment of entity set_global_assignment -name LL_ROOT_REGION ON -entity "HDL-Project" -section_id "Root Region" is ignored
    Warning: Assignment of entity set_global_assignment -name LL_MEMBER_STATE LOCKED -entity "HDL-Project" -section_id "Root Region" is ignored
Info: Generated suppressed messages file C:/altera/90/quartus/HDL-Project.map.smsg
Info: Implemented 39 device resources after synthesis - the final resource count might be different
    Info: Implemented 12 input pins
    Info: Implemented 8 output pins
    Info: Implemented 19 logic cells
Info: Quartus II Analysis & Synthesis was successful. 0 errors, 26 warnings
    Info: Peak virtual memory: 230 megabytes
    Info: Processing ended: Fri Jan 26 17:23:47 2024
    Info: Elapsed time: 00:00:01
    Info: Total CPU time (on all processors): 00:00:01


+------------------------------------------+
; Analysis & Synthesis Suppressed Messages ;
+------------------------------------------+
The suppressed messages can be found in C:/altera/90/quartus/HDL-Project.map.smsg.


