Classic Timing Analyzer report for HDL-Project
Fri Jan 26 17:23:53 2024
Quartus II Version 9.0 Build 132 02/25/2009 SJ Web Edition


---------------------
; Table of Contents ;
---------------------
  1. Legal Notice
  2. Timing Analyzer Summary
  3. Timing Analyzer Settings
  4. Clock Settings Summary
  5. Parallel Compilation
  6. tsu
  7. tco
  8. tpd
  9. th
 10. Timing Analyzer Messages



----------------
; Legal Notice ;
----------------
Copyright (C) 1991-2009 Altera Corporation
Your use of Altera Corporation's design tools, logic functions 
and other software and tools, and its AMPP partner logic 
functions, and any output files from any of the foregoing 
(including device programming or simulation files), and any 
associated documentation or information are expressly subject 
to the terms and conditions of the Altera Program License 
Subscription Agreement, Altera MegaCore Function License 
Agreement, or other applicable license agreement, including, 
without limitation, that your use is for the sole purpose of 
programming logic devices manufactured by Altera and sold by 
Altera or its authorized distributors.  Please refer to the 
applicable agreement for further details.



+-------------------------------------------------------------------------------------------------------------------------------------------------+
; Timing Analyzer Summary                                                                                                                         ;
+------------------------------+-------+---------------+-------------+----------------+--------------------+------------+----------+--------------+
; Type                         ; Slack ; Required Time ; Actual Time ; From           ; To                 ; From Clock ; To Clock ; Failed Paths ;
+------------------------------+-------+---------------+-------------+----------------+--------------------+------------+----------+--------------+
; Worst-case tsu               ; N/A   ; None          ; 4.541 ns    ; a[0]           ; Overflow_Sub$latch ; --         ; F[0]     ; 0            ;
; Worst-case tco               ; N/A   ; None          ; 8.302 ns    ; Cout_Add$latch ; Cout_Add           ; F[2]       ; --       ; 0            ;
; Worst-case tpd               ; N/A   ; None          ; 11.288 ns   ; a[0]           ; z[3]               ; --         ; --       ; 0            ;
; Worst-case th                ; N/A   ; None          ; -0.996 ns   ; a[3]           ; OverFlow_Add$latch ; --         ; F[2]     ; 0            ;
; Total number of failed paths ;       ;               ;             ;                ;                    ;            ;          ; 0            ;
+------------------------------+-------+---------------+-------------+----------------+--------------------+------------+----------+--------------+


+--------------------------------------------------------------------------------------------------------------------+
; Timing Analyzer Settings                                                                                           ;
+---------------------------------------------------------------------+--------------------+------+----+-------------+
; Option                                                              ; Setting            ; From ; To ; Entity Name ;
+---------------------------------------------------------------------+--------------------+------+----+-------------+
; Device Name                                                         ; EP2S15F484C3       ;      ;    ;             ;
; Timing Models                                                       ; Final              ;      ;    ;             ;
; Default hold multicycle                                             ; Same as Multicycle ;      ;    ;             ;
; Cut paths between unrelated clock domains                           ; On                 ;      ;    ;             ;
; Cut off read during write signal paths                              ; On                 ;      ;    ;             ;
; Cut off feedback from I/O pins                                      ; On                 ;      ;    ;             ;
; Report Combined Fast/Slow Timing                                    ; Off                ;      ;    ;             ;
; Ignore Clock Settings                                               ; Off                ;      ;    ;             ;
; Analyze latches as synchronous elements                             ; On                 ;      ;    ;             ;
; Enable Recovery/Removal analysis                                    ; Off                ;      ;    ;             ;
; Enable Clock Latency                                                ; Off                ;      ;    ;             ;
; Use TimeQuest Timing Analyzer                                       ; Off                ;      ;    ;             ;
; Number of source nodes to report per destination node               ; 10                 ;      ;    ;             ;
; Number of destination nodes to report                               ; 10                 ;      ;    ;             ;
; Number of paths to report                                           ; 200                ;      ;    ;             ;
; Report Minimum Timing Checks                                        ; Off                ;      ;    ;             ;
; Use Fast Timing Models                                              ; Off                ;      ;    ;             ;
; Report IO Paths Separately                                          ; Off                ;      ;    ;             ;
; Perform Multicorner Analysis                                        ; On                 ;      ;    ;             ;
; Reports the worst-case path for each clock domain and analysis      ; Off                ;      ;    ;             ;
; Removes common clock path pessimism (CCPP) during slack computation ; Off                ;      ;    ;             ;
; Output I/O Timing Endpoint                                          ; Near End           ;      ;    ;             ;
+---------------------------------------------------------------------+--------------------+------+----+-------------+


+------------------------------------------------------------------------------------------------------------------------------------------------------------------------------------+
; Clock Settings Summary                                                                                                                                                             ;
+-----------------+--------------------+----------+------------------+---------------+--------------+----------+-----------------------+---------------------+--------+--------------+
; Clock Node Name ; Clock Setting Name ; Type     ; Fmax Requirement ; Early Latency ; Late Latency ; Based on ; Multiply Base Fmax by ; Divide Base Fmax by ; Offset ; Phase offset ;
+-----------------+--------------------+----------+------------------+---------------+--------------+----------+-----------------------+---------------------+--------+--------------+
; F[2]            ;                    ; User Pin ; None             ; 0.000 ns      ; 0.000 ns     ; --       ; N/A                   ; N/A                 ; N/A    ;              ;
; F[1]            ;                    ; User Pin ; None             ; 0.000 ns      ; 0.000 ns     ; --       ; N/A                   ; N/A                 ; N/A    ;              ;
; F[0]            ;                    ; User Pin ; None             ; 0.000 ns      ; 0.000 ns     ; --       ; N/A                   ; N/A                 ; N/A    ;              ;
+-----------------+--------------------+----------+------------------+---------------+--------------+----------+-----------------------+---------------------+--------+--------------+


Parallel compilation was disabled, but you have multiple processors available. Enable parallel compilation to reduce compilation time.
+-------------------------------------+
; Parallel Compilation                ;
+----------------------------+--------+
; Processors                 ; Number ;
+----------------------------+--------+
; Number detected on machine ; 4      ;
; Maximum allowed            ; 1      ;
+----------------------------+--------+


+--------------------------------------------------------------------------+
; tsu                                                                      ;
+-------+--------------+------------+------+--------------------+----------+
; Slack ; Required tsu ; Actual tsu ; From ; To                 ; To Clock ;
+-------+--------------+------------+------+--------------------+----------+
; N/A   ; None         ; 4.541 ns   ; a[0] ; Overflow_Sub$latch ; F[0]     ;
; N/A   ; None         ; 4.500 ns   ; a[0] ; Overflow_Sub$latch ; F[1]     ;
; N/A   ; None         ; 4.420 ns   ; a[0] ; OverFlow_Add$latch ; F[0]     ;
; N/A   ; None         ; 4.386 ns   ; cin  ; Overflow_Sub$latch ; F[0]     ;
; N/A   ; None         ; 4.378 ns   ; a[0] ; OverFlow_Add$latch ; F[1]     ;
; N/A   ; None         ; 4.345 ns   ; cin  ; Overflow_Sub$latch ; F[1]     ;
; N/A   ; None         ; 4.302 ns   ; a[0] ; Overflow_Sub$latch ; F[2]     ;
; N/A   ; None         ; 4.268 ns   ; b[0] ; Overflow_Sub$latch ; F[0]     ;
; N/A   ; None         ; 4.250 ns   ; b[1] ; Overflow_Sub$latch ; F[0]     ;
; N/A   ; None         ; 4.227 ns   ; b[0] ; Overflow_Sub$latch ; F[1]     ;
; N/A   ; None         ; 4.209 ns   ; b[1] ; Overflow_Sub$latch ; F[1]     ;
; N/A   ; None         ; 4.180 ns   ; a[0] ; OverFlow_Add$latch ; F[2]     ;
; N/A   ; None         ; 4.147 ns   ; cin  ; Overflow_Sub$latch ; F[2]     ;
; N/A   ; None         ; 4.029 ns   ; b[0] ; Overflow_Sub$latch ; F[2]     ;
; N/A   ; None         ; 4.011 ns   ; b[1] ; Overflow_Sub$latch ; F[2]     ;
; N/A   ; None         ; 3.966 ns   ; b[0] ; OverFlow_Add$latch ; F[0]     ;
; N/A   ; None         ; 3.941 ns   ; b[1] ; OverFlow_Add$latch ; F[0]     ;
; N/A   ; None         ; 3.924 ns   ; b[0] ; OverFlow_Add$latch ; F[1]     ;
; N/A   ; None         ; 3.899 ns   ; b[1] ; OverFlow_Add$latch ; F[1]     ;
; N/A   ; None         ; 3.892 ns   ; cin  ; OverFlow_Add$latch ; F[0]     ;
; N/A   ; None         ; 3.850 ns   ; cin  ; OverFlow_Add$latch ; F[1]     ;
; N/A   ; None         ; 3.726 ns   ; b[0] ; OverFlow_Add$latch ; F[2]     ;
; N/A   ; None         ; 3.701 ns   ; b[1] ; OverFlow_Add$latch ; F[2]     ;
; N/A   ; None         ; 3.665 ns   ; a[0] ; Cout_Sub$latch     ; F[0]     ;
; N/A   ; None         ; 3.652 ns   ; cin  ; OverFlow_Add$latch ; F[2]     ;
; N/A   ; None         ; 3.624 ns   ; a[0] ; Cout_Sub$latch     ; F[1]     ;
; N/A   ; None         ; 3.597 ns   ; a[0] ; Cout_Add$latch     ; F[0]     ;
; N/A   ; None         ; 3.555 ns   ; a[0] ; Cout_Add$latch     ; F[1]     ;
; N/A   ; None         ; 3.510 ns   ; cin  ; Cout_Sub$latch     ; F[0]     ;
; N/A   ; None         ; 3.470 ns   ; a[1] ; Overflow_Sub$latch ; F[0]     ;
; N/A   ; None         ; 3.469 ns   ; cin  ; Cout_Sub$latch     ; F[1]     ;
; N/A   ; None         ; 3.429 ns   ; a[1] ; Overflow_Sub$latch ; F[1]     ;
; N/A   ; None         ; 3.426 ns   ; a[0] ; Cout_Sub$latch     ; F[2]     ;
; N/A   ; None         ; 3.392 ns   ; b[0] ; Cout_Sub$latch     ; F[0]     ;
; N/A   ; None         ; 3.375 ns   ; a[2] ; Overflow_Sub$latch ; F[0]     ;
; N/A   ; None         ; 3.374 ns   ; b[1] ; Cout_Sub$latch     ; F[0]     ;
; N/A   ; None         ; 3.357 ns   ; a[0] ; Cout_Add$latch     ; F[2]     ;
; N/A   ; None         ; 3.351 ns   ; b[0] ; Cout_Sub$latch     ; F[1]     ;
; N/A   ; None         ; 3.334 ns   ; a[2] ; Overflow_Sub$latch ; F[1]     ;
; N/A   ; None         ; 3.333 ns   ; b[1] ; Cout_Sub$latch     ; F[1]     ;
; N/A   ; None         ; 3.271 ns   ; cin  ; Cout_Sub$latch     ; F[2]     ;
; N/A   ; None         ; 3.250 ns   ; b[3] ; Cout_Sub$latch     ; F[0]     ;
; N/A   ; None         ; 3.250 ns   ; b[2] ; Overflow_Sub$latch ; F[0]     ;
; N/A   ; None         ; 3.231 ns   ; a[1] ; Overflow_Sub$latch ; F[2]     ;
; N/A   ; None         ; 3.209 ns   ; b[3] ; Cout_Sub$latch     ; F[1]     ;
; N/A   ; None         ; 3.209 ns   ; b[2] ; Overflow_Sub$latch ; F[1]     ;
; N/A   ; None         ; 3.157 ns   ; b[3] ; Overflow_Sub$latch ; F[0]     ;
; N/A   ; None         ; 3.153 ns   ; a[1] ; OverFlow_Add$latch ; F[0]     ;
; N/A   ; None         ; 3.153 ns   ; b[0] ; Cout_Sub$latch     ; F[2]     ;
; N/A   ; None         ; 3.143 ns   ; b[0] ; Cout_Add$latch     ; F[0]     ;
; N/A   ; None         ; 3.136 ns   ; a[2] ; Overflow_Sub$latch ; F[2]     ;
; N/A   ; None         ; 3.135 ns   ; b[1] ; Cout_Sub$latch     ; F[2]     ;
; N/A   ; None         ; 3.129 ns   ; a[3] ; Overflow_Sub$latch ; F[0]     ;
; N/A   ; None         ; 3.118 ns   ; b[1] ; Cout_Add$latch     ; F[0]     ;
; N/A   ; None         ; 3.116 ns   ; b[3] ; Overflow_Sub$latch ; F[1]     ;
; N/A   ; None         ; 3.111 ns   ; a[1] ; OverFlow_Add$latch ; F[1]     ;
; N/A   ; None         ; 3.101 ns   ; b[0] ; Cout_Add$latch     ; F[1]     ;
; N/A   ; None         ; 3.088 ns   ; a[3] ; Overflow_Sub$latch ; F[1]     ;
; N/A   ; None         ; 3.076 ns   ; b[1] ; Cout_Add$latch     ; F[1]     ;
; N/A   ; None         ; 3.069 ns   ; cin  ; Cout_Add$latch     ; F[0]     ;
; N/A   ; None         ; 3.027 ns   ; cin  ; Cout_Add$latch     ; F[1]     ;
; N/A   ; None         ; 3.011 ns   ; b[3] ; Cout_Sub$latch     ; F[2]     ;
; N/A   ; None         ; 3.011 ns   ; b[2] ; Overflow_Sub$latch ; F[2]     ;
; N/A   ; None         ; 2.959 ns   ; b[2] ; Cout_Sub$latch     ; F[0]     ;
; N/A   ; None         ; 2.931 ns   ; a[2] ; OverFlow_Add$latch ; F[0]     ;
; N/A   ; None         ; 2.918 ns   ; b[3] ; Overflow_Sub$latch ; F[2]     ;
; N/A   ; None         ; 2.918 ns   ; b[2] ; Cout_Sub$latch     ; F[1]     ;
; N/A   ; None         ; 2.913 ns   ; a[1] ; OverFlow_Add$latch ; F[2]     ;
; N/A   ; None         ; 2.903 ns   ; b[0] ; Cout_Add$latch     ; F[2]     ;
; N/A   ; None         ; 2.898 ns   ; a[2] ; Cout_Sub$latch     ; F[0]     ;
; N/A   ; None         ; 2.890 ns   ; a[3] ; Overflow_Sub$latch ; F[2]     ;
; N/A   ; None         ; 2.889 ns   ; a[2] ; OverFlow_Add$latch ; F[1]     ;
; N/A   ; None         ; 2.878 ns   ; b[1] ; Cout_Add$latch     ; F[2]     ;
; N/A   ; None         ; 2.857 ns   ; a[2] ; Cout_Sub$latch     ; F[1]     ;
; N/A   ; None         ; 2.829 ns   ; cin  ; Cout_Add$latch     ; F[2]     ;
; N/A   ; None         ; 2.807 ns   ; b[2] ; OverFlow_Add$latch ; F[0]     ;
; N/A   ; None         ; 2.794 ns   ; b[3] ; Cout_Add$latch     ; F[0]     ;
; N/A   ; None         ; 2.765 ns   ; b[2] ; OverFlow_Add$latch ; F[1]     ;
; N/A   ; None         ; 2.752 ns   ; b[3] ; Cout_Add$latch     ; F[1]     ;
; N/A   ; None         ; 2.727 ns   ; a[3] ; Cout_Sub$latch     ; F[0]     ;
; N/A   ; None         ; 2.720 ns   ; b[2] ; Cout_Sub$latch     ; F[2]     ;
; N/A   ; None         ; 2.691 ns   ; a[2] ; OverFlow_Add$latch ; F[2]     ;
; N/A   ; None         ; 2.686 ns   ; a[3] ; Cout_Sub$latch     ; F[1]     ;
; N/A   ; None         ; 2.659 ns   ; a[2] ; Cout_Sub$latch     ; F[2]     ;
; N/A   ; None         ; 2.594 ns   ; a[1] ; Cout_Sub$latch     ; F[0]     ;
; N/A   ; None         ; 2.567 ns   ; b[2] ; OverFlow_Add$latch ; F[2]     ;
; N/A   ; None         ; 2.554 ns   ; b[3] ; Cout_Add$latch     ; F[2]     ;
; N/A   ; None         ; 2.553 ns   ; a[1] ; Cout_Sub$latch     ; F[1]     ;
; N/A   ; None         ; 2.504 ns   ; b[2] ; Cout_Add$latch     ; F[0]     ;
; N/A   ; None         ; 2.488 ns   ; a[3] ; Cout_Sub$latch     ; F[2]     ;
; N/A   ; None         ; 2.462 ns   ; b[2] ; Cout_Add$latch     ; F[1]     ;
; N/A   ; None         ; 2.442 ns   ; a[2] ; Cout_Add$latch     ; F[0]     ;
; N/A   ; None         ; 2.400 ns   ; a[2] ; Cout_Add$latch     ; F[1]     ;
; N/A   ; None         ; 2.355 ns   ; a[1] ; Cout_Sub$latch     ; F[2]     ;
; N/A   ; None         ; 2.330 ns   ; a[1] ; Cout_Add$latch     ; F[0]     ;
; N/A   ; None         ; 2.288 ns   ; a[1] ; Cout_Add$latch     ; F[1]     ;
; N/A   ; None         ; 2.264 ns   ; b[2] ; Cout_Add$latch     ; F[2]     ;
; N/A   ; None         ; 2.202 ns   ; a[2] ; Cout_Add$latch     ; F[2]     ;
; N/A   ; None         ; 2.090 ns   ; a[1] ; Cout_Add$latch     ; F[2]     ;
; N/A   ; None         ; 2.059 ns   ; a[3] ; Cout_Add$latch     ; F[0]     ;
; N/A   ; None         ; 2.017 ns   ; a[3] ; Cout_Add$latch     ; F[1]     ;
; N/A   ; None         ; 1.975 ns   ; b[3] ; OverFlow_Add$latch ; F[0]     ;
; N/A   ; None         ; 1.933 ns   ; b[3] ; OverFlow_Add$latch ; F[1]     ;
; N/A   ; None         ; 1.819 ns   ; a[3] ; Cout_Add$latch     ; F[2]     ;
; N/A   ; None         ; 1.762 ns   ; a[3] ; OverFlow_Add$latch ; F[0]     ;
; N/A   ; None         ; 1.735 ns   ; b[3] ; OverFlow_Add$latch ; F[2]     ;
; N/A   ; None         ; 1.720 ns   ; a[3] ; OverFlow_Add$latch ; F[1]     ;
; N/A   ; None         ; 1.522 ns   ; a[3] ; OverFlow_Add$latch ; F[2]     ;
+-------+--------------+------------+------+--------------------+----------+


+------------------------------------------------------------------------------------+
; tco                                                                                ;
+-------+--------------+------------+--------------------+--------------+------------+
; Slack ; Required tco ; Actual tco ; From               ; To           ; From Clock ;
+-------+--------------+------------+--------------------+--------------+------------+
; N/A   ; None         ; 8.302 ns   ; Cout_Add$latch     ; Cout_Add     ; F[2]       ;
; N/A   ; None         ; 8.227 ns   ; Cout_Sub$latch     ; Cout_Sub     ; F[2]       ;
; N/A   ; None         ; 8.104 ns   ; Cout_Add$latch     ; Cout_Add     ; F[1]       ;
; N/A   ; None         ; 8.062 ns   ; Cout_Add$latch     ; Cout_Add     ; F[0]       ;
; N/A   ; None         ; 8.029 ns   ; Cout_Sub$latch     ; Cout_Sub     ; F[1]       ;
; N/A   ; None         ; 8.019 ns   ; OverFlow_Add$latch ; OverFlow_Add ; F[2]       ;
; N/A   ; None         ; 8.012 ns   ; Overflow_Sub$latch ; Overflow_Sub ; F[2]       ;
; N/A   ; None         ; 7.988 ns   ; Cout_Sub$latch     ; Cout_Sub     ; F[0]       ;
; N/A   ; None         ; 7.821 ns   ; OverFlow_Add$latch ; OverFlow_Add ; F[1]       ;
; N/A   ; None         ; 7.814 ns   ; Overflow_Sub$latch ; Overflow_Sub ; F[1]       ;
; N/A   ; None         ; 7.779 ns   ; OverFlow_Add$latch ; OverFlow_Add ; F[0]       ;
; N/A   ; None         ; 7.773 ns   ; Overflow_Sub$latch ; Overflow_Sub ; F[0]       ;
+-------+--------------+------------+--------------------+--------------+------------+


+-----------------------------------------------------------+
; tpd                                                       ;
+-------+-------------------+-----------------+------+------+
; Slack ; Required P2P Time ; Actual P2P Time ; From ; To   ;
+-------+-------------------+-----------------+------+------+
; N/A   ; None              ; 11.288 ns       ; a[0] ; z[3] ;
; N/A   ; None              ; 10.834 ns       ; b[0] ; z[3] ;
; N/A   ; None              ; 10.809 ns       ; b[1] ; z[3] ;
; N/A   ; None              ; 10.760 ns       ; cin  ; z[3] ;
; N/A   ; None              ; 10.429 ns       ; a[0] ; z[2] ;
; N/A   ; None              ; 10.323 ns       ; a[0] ; z[1] ;
; N/A   ; None              ; 10.239 ns       ; cin  ; z[2] ;
; N/A   ; None              ; 10.121 ns       ; b[0] ; z[2] ;
; N/A   ; None              ; 10.103 ns       ; b[1] ; z[2] ;
; N/A   ; None              ; 10.021 ns       ; a[1] ; z[3] ;
; N/A   ; None              ; 10.008 ns       ; b[0] ; z[1] ;
; N/A   ; None              ; 9.799 ns        ; a[2] ; z[3] ;
; N/A   ; None              ; 9.782 ns        ; a[0] ; z[0] ;
; N/A   ; None              ; 9.781 ns        ; cin  ; z[1] ;
; N/A   ; None              ; 9.675 ns        ; b[2] ; z[3] ;
; N/A   ; None              ; 9.495 ns        ; F[1] ; z[2] ;
; N/A   ; None              ; 9.494 ns        ; F[1] ; z[3] ;
; N/A   ; None              ; 9.400 ns        ; b[3] ; z[3] ;
; N/A   ; None              ; 9.389 ns        ; a[2] ; z[2] ;
; N/A   ; None              ; 9.383 ns        ; a[3] ; z[3] ;
; N/A   ; None              ; 9.323 ns        ; a[1] ; z[2] ;
; N/A   ; None              ; 9.281 ns        ; b[0] ; z[0] ;
; N/A   ; None              ; 9.275 ns        ; F[1] ; z[1] ;
; N/A   ; None              ; 9.273 ns        ; cin  ; z[0] ;
; N/A   ; None              ; 9.268 ns        ; F[0] ; z[3] ;
; N/A   ; None              ; 9.207 ns        ; b[1] ; z[1] ;
; N/A   ; None              ; 9.140 ns        ; F[0] ; z[1] ;
; N/A   ; None              ; 9.126 ns        ; F[0] ; z[2] ;
; N/A   ; None              ; 9.069 ns        ; F[0] ; z[0] ;
; N/A   ; None              ; 9.056 ns        ; b[2] ; z[2] ;
; N/A   ; None              ; 8.853 ns        ; F[1] ; z[0] ;
; N/A   ; None              ; 8.586 ns        ; a[1] ; z[1] ;
; N/A   ; None              ; 7.910 ns        ; F[2] ; z[1] ;
; N/A   ; None              ; 7.641 ns        ; F[2] ; z[3] ;
; N/A   ; None              ; 6.946 ns        ; F[2] ; z[0] ;
; N/A   ; None              ; 6.631 ns        ; F[2] ; z[2] ;
+-------+-------------------+-----------------+------+------+


+--------------------------------------------------------------------------------+
; th                                                                             ;
+---------------+-------------+-----------+------+--------------------+----------+
; Minimum Slack ; Required th ; Actual th ; From ; To                 ; To Clock ;
+---------------+-------------+-----------+------+--------------------+----------+
; N/A           ; None        ; -0.996 ns ; a[3] ; OverFlow_Add$latch ; F[2]     ;
; N/A           ; None        ; -1.194 ns ; a[3] ; OverFlow_Add$latch ; F[1]     ;
; N/A           ; None        ; -1.209 ns ; b[3] ; OverFlow_Add$latch ; F[2]     ;
; N/A           ; None        ; -1.236 ns ; a[3] ; OverFlow_Add$latch ; F[0]     ;
; N/A           ; None        ; -1.249 ns ; a[3] ; Cout_Add$latch     ; F[2]     ;
; N/A           ; None        ; -1.407 ns ; b[3] ; OverFlow_Add$latch ; F[1]     ;
; N/A           ; None        ; -1.447 ns ; a[3] ; Cout_Add$latch     ; F[1]     ;
; N/A           ; None        ; -1.449 ns ; b[3] ; OverFlow_Add$latch ; F[0]     ;
; N/A           ; None        ; -1.489 ns ; a[3] ; Cout_Add$latch     ; F[0]     ;
; N/A           ; None        ; -1.520 ns ; a[1] ; Cout_Add$latch     ; F[2]     ;
; N/A           ; None        ; -1.632 ns ; a[2] ; Cout_Add$latch     ; F[2]     ;
; N/A           ; None        ; -1.694 ns ; b[2] ; Cout_Add$latch     ; F[2]     ;
; N/A           ; None        ; -1.718 ns ; a[1] ; Cout_Add$latch     ; F[1]     ;
; N/A           ; None        ; -1.760 ns ; a[1] ; Cout_Add$latch     ; F[0]     ;
; N/A           ; None        ; -1.830 ns ; a[2] ; Cout_Add$latch     ; F[1]     ;
; N/A           ; None        ; -1.854 ns ; a[1] ; Cout_Sub$latch     ; F[2]     ;
; N/A           ; None        ; -1.872 ns ; a[2] ; Cout_Add$latch     ; F[0]     ;
; N/A           ; None        ; -1.892 ns ; b[2] ; Cout_Add$latch     ; F[1]     ;
; N/A           ; None        ; -1.934 ns ; b[2] ; Cout_Add$latch     ; F[0]     ;
; N/A           ; None        ; -1.984 ns ; b[3] ; Cout_Add$latch     ; F[2]     ;
; N/A           ; None        ; -1.987 ns ; a[3] ; Cout_Sub$latch     ; F[2]     ;
; N/A           ; None        ; -2.041 ns ; b[2] ; OverFlow_Add$latch ; F[2]     ;
; N/A           ; None        ; -2.052 ns ; a[1] ; Cout_Sub$latch     ; F[1]     ;
; N/A           ; None        ; -2.093 ns ; a[1] ; Cout_Sub$latch     ; F[0]     ;
; N/A           ; None        ; -2.158 ns ; a[2] ; Cout_Sub$latch     ; F[2]     ;
; N/A           ; None        ; -2.165 ns ; a[2] ; OverFlow_Add$latch ; F[2]     ;
; N/A           ; None        ; -2.182 ns ; b[3] ; Cout_Add$latch     ; F[1]     ;
; N/A           ; None        ; -2.185 ns ; a[3] ; Cout_Sub$latch     ; F[1]     ;
; N/A           ; None        ; -2.219 ns ; b[2] ; Cout_Sub$latch     ; F[2]     ;
; N/A           ; None        ; -2.224 ns ; b[3] ; Cout_Add$latch     ; F[0]     ;
; N/A           ; None        ; -2.226 ns ; a[3] ; Cout_Sub$latch     ; F[0]     ;
; N/A           ; None        ; -2.239 ns ; b[2] ; OverFlow_Add$latch ; F[1]     ;
; N/A           ; None        ; -2.259 ns ; cin  ; Cout_Add$latch     ; F[2]     ;
; N/A           ; None        ; -2.281 ns ; b[2] ; OverFlow_Add$latch ; F[0]     ;
; N/A           ; None        ; -2.308 ns ; b[1] ; Cout_Add$latch     ; F[2]     ;
; N/A           ; None        ; -2.333 ns ; b[0] ; Cout_Add$latch     ; F[2]     ;
; N/A           ; None        ; -2.356 ns ; a[2] ; Cout_Sub$latch     ; F[1]     ;
; N/A           ; None        ; -2.363 ns ; a[2] ; OverFlow_Add$latch ; F[1]     ;
; N/A           ; None        ; -2.387 ns ; a[1] ; OverFlow_Add$latch ; F[2]     ;
; N/A           ; None        ; -2.397 ns ; a[2] ; Cout_Sub$latch     ; F[0]     ;
; N/A           ; None        ; -2.405 ns ; a[2] ; OverFlow_Add$latch ; F[0]     ;
; N/A           ; None        ; -2.417 ns ; b[2] ; Cout_Sub$latch     ; F[1]     ;
; N/A           ; None        ; -2.457 ns ; cin  ; Cout_Add$latch     ; F[1]     ;
; N/A           ; None        ; -2.458 ns ; b[2] ; Cout_Sub$latch     ; F[0]     ;
; N/A           ; None        ; -2.478 ns ; a[3] ; Overflow_Sub$latch ; F[2]     ;
; N/A           ; None        ; -2.499 ns ; cin  ; Cout_Add$latch     ; F[0]     ;
; N/A           ; None        ; -2.506 ns ; b[3] ; Overflow_Sub$latch ; F[2]     ;
; N/A           ; None        ; -2.506 ns ; b[1] ; Cout_Add$latch     ; F[1]     ;
; N/A           ; None        ; -2.510 ns ; b[3] ; Cout_Sub$latch     ; F[2]     ;
; N/A           ; None        ; -2.531 ns ; b[0] ; Cout_Add$latch     ; F[1]     ;
; N/A           ; None        ; -2.548 ns ; b[1] ; Cout_Add$latch     ; F[0]     ;
; N/A           ; None        ; -2.573 ns ; b[0] ; Cout_Add$latch     ; F[0]     ;
; N/A           ; None        ; -2.585 ns ; a[1] ; OverFlow_Add$latch ; F[1]     ;
; N/A           ; None        ; -2.599 ns ; b[2] ; Overflow_Sub$latch ; F[2]     ;
; N/A           ; None        ; -2.627 ns ; a[1] ; OverFlow_Add$latch ; F[0]     ;
; N/A           ; None        ; -2.634 ns ; b[1] ; Cout_Sub$latch     ; F[2]     ;
; N/A           ; None        ; -2.652 ns ; b[0] ; Cout_Sub$latch     ; F[2]     ;
; N/A           ; None        ; -2.676 ns ; a[3] ; Overflow_Sub$latch ; F[1]     ;
; N/A           ; None        ; -2.704 ns ; b[3] ; Overflow_Sub$latch ; F[1]     ;
; N/A           ; None        ; -2.708 ns ; b[3] ; Cout_Sub$latch     ; F[1]     ;
; N/A           ; None        ; -2.717 ns ; a[3] ; Overflow_Sub$latch ; F[0]     ;
; N/A           ; None        ; -2.724 ns ; a[2] ; Overflow_Sub$latch ; F[2]     ;
; N/A           ; None        ; -2.745 ns ; b[3] ; Overflow_Sub$latch ; F[0]     ;
; N/A           ; None        ; -2.749 ns ; b[3] ; Cout_Sub$latch     ; F[0]     ;
; N/A           ; None        ; -2.770 ns ; cin  ; Cout_Sub$latch     ; F[2]     ;
; N/A           ; None        ; -2.787 ns ; a[0] ; Cout_Add$latch     ; F[2]     ;
; N/A           ; None        ; -2.797 ns ; b[2] ; Overflow_Sub$latch ; F[1]     ;
; N/A           ; None        ; -2.819 ns ; a[1] ; Overflow_Sub$latch ; F[2]     ;
; N/A           ; None        ; -2.832 ns ; b[1] ; Cout_Sub$latch     ; F[1]     ;
; N/A           ; None        ; -2.838 ns ; b[2] ; Overflow_Sub$latch ; F[0]     ;
; N/A           ; None        ; -2.850 ns ; b[0] ; Cout_Sub$latch     ; F[1]     ;
; N/A           ; None        ; -2.873 ns ; b[1] ; Cout_Sub$latch     ; F[0]     ;
; N/A           ; None        ; -2.891 ns ; b[0] ; Cout_Sub$latch     ; F[0]     ;
; N/A           ; None        ; -2.922 ns ; a[2] ; Overflow_Sub$latch ; F[1]     ;
; N/A           ; None        ; -2.925 ns ; a[0] ; Cout_Sub$latch     ; F[2]     ;
; N/A           ; None        ; -2.963 ns ; a[2] ; Overflow_Sub$latch ; F[0]     ;
; N/A           ; None        ; -2.968 ns ; cin  ; Cout_Sub$latch     ; F[1]     ;
; N/A           ; None        ; -2.985 ns ; a[0] ; Cout_Add$latch     ; F[1]     ;
; N/A           ; None        ; -3.009 ns ; cin  ; Cout_Sub$latch     ; F[0]     ;
; N/A           ; None        ; -3.017 ns ; a[1] ; Overflow_Sub$latch ; F[1]     ;
; N/A           ; None        ; -3.027 ns ; a[0] ; Cout_Add$latch     ; F[0]     ;
; N/A           ; None        ; -3.058 ns ; a[1] ; Overflow_Sub$latch ; F[0]     ;
; N/A           ; None        ; -3.123 ns ; a[0] ; Cout_Sub$latch     ; F[1]     ;
; N/A           ; None        ; -3.126 ns ; cin  ; OverFlow_Add$latch ; F[2]     ;
; N/A           ; None        ; -3.164 ns ; a[0] ; Cout_Sub$latch     ; F[0]     ;
; N/A           ; None        ; -3.175 ns ; b[1] ; OverFlow_Add$latch ; F[2]     ;
; N/A           ; None        ; -3.200 ns ; b[0] ; OverFlow_Add$latch ; F[2]     ;
; N/A           ; None        ; -3.324 ns ; cin  ; OverFlow_Add$latch ; F[1]     ;
; N/A           ; None        ; -3.366 ns ; cin  ; OverFlow_Add$latch ; F[0]     ;
; N/A           ; None        ; -3.373 ns ; b[1] ; OverFlow_Add$latch ; F[1]     ;
; N/A           ; None        ; -3.398 ns ; b[0] ; OverFlow_Add$latch ; F[1]     ;
; N/A           ; None        ; -3.415 ns ; b[1] ; OverFlow_Add$latch ; F[0]     ;
; N/A           ; None        ; -3.440 ns ; b[0] ; OverFlow_Add$latch ; F[0]     ;
; N/A           ; None        ; -3.599 ns ; b[1] ; Overflow_Sub$latch ; F[2]     ;
; N/A           ; None        ; -3.617 ns ; b[0] ; Overflow_Sub$latch ; F[2]     ;
; N/A           ; None        ; -3.654 ns ; a[0] ; OverFlow_Add$latch ; F[2]     ;
; N/A           ; None        ; -3.735 ns ; cin  ; Overflow_Sub$latch ; F[2]     ;
; N/A           ; None        ; -3.797 ns ; b[1] ; Overflow_Sub$latch ; F[1]     ;
; N/A           ; None        ; -3.815 ns ; b[0] ; Overflow_Sub$latch ; F[1]     ;
; N/A           ; None        ; -3.838 ns ; b[1] ; Overflow_Sub$latch ; F[0]     ;
; N/A           ; None        ; -3.852 ns ; a[0] ; OverFlow_Add$latch ; F[1]     ;
; N/A           ; None        ; -3.856 ns ; b[0] ; Overflow_Sub$latch ; F[0]     ;
; N/A           ; None        ; -3.890 ns ; a[0] ; Overflow_Sub$latch ; F[2]     ;
; N/A           ; None        ; -3.894 ns ; a[0] ; OverFlow_Add$latch ; F[0]     ;
; N/A           ; None        ; -3.933 ns ; cin  ; Overflow_Sub$latch ; F[1]     ;
; N/A           ; None        ; -3.974 ns ; cin  ; Overflow_Sub$latch ; F[0]     ;
; N/A           ; None        ; -4.088 ns ; a[0] ; Overflow_Sub$latch ; F[1]     ;
; N/A           ; None        ; -4.129 ns ; a[0] ; Overflow_Sub$latch ; F[0]     ;
+---------------+-------------+-----------+------+--------------------+----------+


+--------------------------+
; Timing Analyzer Messages ;
+--------------------------+
Info: *******************************************************************
Info: Running Quartus II Classic Timing Analyzer
    Info: Version 9.0 Build 132 02/25/2009 SJ Web Edition
    Info: Processing started: Fri Jan 26 17:23:53 2024
Info: Command: quartus_tan --read_settings_files=off --write_settings_files=off HDL-Project -c HDL-Project --timing_analysis_only
Warning: Timing Analysis is analyzing one or more combinational loops as latches
    Warning: Node "Cout_Add$latch" is a latch
    Warning: Node "Cout_Sub$latch" is a latch
    Warning: Node "OverFlow_Add$latch" is a latch
    Warning: Node "Overflow_Sub$latch" is a latch
Warning: Found pins functioning as undefined clocks and/or memory enables
    Info: Assuming node "F[2]" is a latch enable and/or memory write/read enable. Will not compute fmax for this pin.
    Info: Assuming node "F[1]" is a latch enable and/or memory write/read enable. Will not compute fmax for this pin.
    Info: Assuming node "F[0]" is a latch enable and/or memory write/read enable. Will not compute fmax for this pin.
Warning: Found 2 node(s) in clock paths which may be acting as ripple and/or gated clocks -- node(s) analyzed as buffer(s) resulting in clock skew
    Info: Detected gated clock "Decoder0~1" as buffer
    Info: Detected gated clock "Decoder0~0" as buffer
Info: tsu for register "Overflow_Sub$latch" (data pin = "a[0]", clock pin = "F[0]") is 4.541 ns
    Info: + Longest pin to register delay is 8.880 ns
        Info: 1: + IC(0.000 ns) + CELL(0.827 ns) = 0.827 ns; Loc. = PIN_V7; Fanout = 4; PIN Node = 'a[0]'
        Info: 2: + IC(4.952 ns) + CELL(0.225 ns) = 6.004 ns; Loc. = LCCOMB_X23_Y15_N4; Fanout = 3; COMB Node = 'Subtraction:comb_5|Full_Adder:comb_6|cout'
        Info: 3: + IC(0.243 ns) + CELL(0.228 ns) = 6.475 ns; Loc. = LCCOMB_X23_Y15_N6; Fanout = 2; COMB Node = 'Subtraction:comb_5|Full_Adder:comb_8|cout'
        Info: 4: + IC(0.211 ns) + CELL(0.225 ns) = 6.911 ns; Loc. = LCCOMB_X23_Y15_N14; Fanout = 1; COMB Node = 'Subtraction:comb_5|OverFlow'
        Info: 5: + IC(1.612 ns) + CELL(0.357 ns) = 8.880 ns; Loc. = LCCOMB_X30_Y4_N16; Fanout = 1; REG Node = 'Overflow_Sub$latch'
        Info: Total cell delay = 1.862 ns ( 20.97 % )
        Info: Total interconnect delay = 7.018 ns ( 79.03 % )
    Info: + Micro setup delay of destination is 0.412 ns
    Info: - Shortest clock path from clock "F[0]" to destination register is 4.751 ns
        Info: 1: + IC(0.000 ns) + CELL(0.864 ns) = 0.864 ns; Loc. = PIN_M3; Fanout = 7; CLK Node = 'F[0]'
        Info: 2: + IC(1.203 ns) + CELL(0.228 ns) = 2.295 ns; Loc. = LCCOMB_X23_Y15_N30; Fanout = 1; COMB Node = 'Decoder0~1'
        Info: 3: + IC(1.418 ns) + CELL(0.000 ns) = 3.713 ns; Loc. = CLKCTRL_G7; Fanout = 2; COMB Node = 'Decoder0~1clkctrl'
        Info: 4: + IC(0.884 ns) + CELL(0.154 ns) = 4.751 ns; Loc. = LCCOMB_X30_Y4_N16; Fanout = 1; REG Node = 'Overflow_Sub$latch'
        Info: Total cell delay = 1.246 ns ( 26.23 % )
        Info: Total interconnect delay = 3.505 ns ( 73.77 % )
Info: tco from clock "F[2]" to destination pin "Cout_Add" through register "Cout_Add$latch" is 8.302 ns
    Info: + Longest clock path from clock "F[2]" to source register is 4.847 ns
        Info: 1: + IC(0.000 ns) + CELL(0.830 ns) = 0.830 ns; Loc. = PIN_E2; Fanout = 6; CLK Node = 'F[2]'
        Info: 2: + IC(1.652 ns) + CELL(0.053 ns) = 2.535 ns; Loc. = LCCOMB_X23_Y15_N26; Fanout = 1; COMB Node = 'Decoder0~0'
        Info: 3: + IC(1.354 ns) + CELL(0.000 ns) = 3.889 ns; Loc. = CLKCTRL_G1; Fanout = 2; COMB Node = 'Decoder0~0clkctrl'
        Info: 4: + IC(0.905 ns) + CELL(0.053 ns) = 4.847 ns; Loc. = LCCOMB_X27_Y11_N16; Fanout = 1; REG Node = 'Cout_Add$latch'
        Info: Total cell delay = 0.936 ns ( 19.31 % )
        Info: Total interconnect delay = 3.911 ns ( 80.69 % )
    Info: + Micro clock to output delay of source is 0.000 ns
    Info: + Longest register to pin delay is 3.455 ns
        Info: 1: + IC(0.000 ns) + CELL(0.000 ns) = 0.000 ns; Loc. = LCCOMB_X27_Y11_N16; Fanout = 1; REG Node = 'Cout_Add$latch'
        Info: 2: + IC(1.311 ns) + CELL(2.144 ns) = 3.455 ns; Loc. = PIN_N2; Fanout = 0; PIN Node = 'Cout_Add'
        Info: Total cell delay = 2.144 ns ( 62.05 % )
        Info: Total interconnect delay = 1.311 ns ( 37.95 % )
Info: Longest tpd from source pin "a[0]" to destination pin "z[3]" is 11.288 ns
    Info: 1: + IC(0.000 ns) + CELL(0.827 ns) = 0.827 ns; Loc. = PIN_V7; Fanout = 4; PIN Node = 'a[0]'
    Info: 2: + IC(4.999 ns) + CELL(0.366 ns) = 6.192 ns; Loc. = LCCOMB_X23_Y15_N24; Fanout = 3; COMB Node = 'Addition:comb_4|Full_Adder:comb_5|cout~0'
    Info: 3: + IC(0.260 ns) + CELL(0.346 ns) = 6.798 ns; Loc. = LCCOMB_X23_Y15_N12; Fanout = 2; COMB Node = 'Addition:comb_4|Full_Adder:comb_6|cout~0'
    Info: 4: + IC(0.465 ns) + CELL(0.154 ns) = 7.417 ns; Loc. = LCCOMB_X23_Y15_N8; Fanout = 1; COMB Node = 'Mux3~3'
    Info: 5: + IC(1.717 ns) + CELL(2.154 ns) = 11.288 ns; Loc. = PIN_R1; Fanout = 0; PIN Node = 'z[3]'
    Info: Total cell delay = 3.847 ns ( 34.08 % )
    Info: Total interconnect delay = 7.441 ns ( 65.92 % )
Info: th for register "OverFlow_Add$latch" (data pin = "a[3]", clock pin = "F[2]") is -0.996 ns
    Info: + Longest clock path from clock "F[2]" to destination register is 4.845 ns
        Info: 1: + IC(0.000 ns) + CELL(0.830 ns) = 0.830 ns; Loc. = PIN_E2; Fanout = 6; CLK Node = 'F[2]'
        Info: 2: + IC(1.652 ns) + CELL(0.053 ns) = 2.535 ns; Loc. = LCCOMB_X23_Y15_N26; Fanout = 1; COMB Node = 'Decoder0~0'
        Info: 3: + IC(1.354 ns) + CELL(0.000 ns) = 3.889 ns; Loc. = CLKCTRL_G1; Fanout = 2; COMB Node = 'Decoder0~0clkctrl'
        Info: 4: + IC(0.903 ns) + CELL(0.053 ns) = 4.845 ns; Loc. = LCCOMB_X33_Y15_N16; Fanout = 1; REG Node = 'OverFlow_Add$latch'
        Info: Total cell delay = 0.936 ns ( 19.32 % )
        Info: Total interconnect delay = 3.909 ns ( 80.68 % )
    Info: + Micro hold delay of destination is 0.000 ns
    Info: - Shortest pin to register delay is 5.841 ns
        Info: 1: + IC(0.000 ns) + CELL(0.864 ns) = 0.864 ns; Loc. = PIN_M21; Fanout = 5; PIN Node = 'a[3]'
        Info: 2: + IC(4.496 ns) + CELL(0.053 ns) = 5.413 ns; Loc. = LCCOMB_X33_Y15_N18; Fanout = 1; COMB Node = 'Addition:comb_4|OverFlow'
        Info: 3: + IC(0.203 ns) + CELL(0.225 ns) = 5.841 ns; Loc. = LCCOMB_X33_Y15_N16; Fanout = 1; REG Node = 'OverFlow_Add$latch'
        Info: Total cell delay = 1.142 ns ( 19.55 % )
        Info: Total interconnect delay = 4.699 ns ( 80.45 % )
Info: Quartus II Classic Timing Analyzer was successful. 0 errors, 7 warnings
    Info: Peak virtual memory: 192 megabytes
    Info: Processing ended: Fri Jan 26 17:23:53 2024
    Info: Elapsed time: 00:00:00
    Info: Total CPU time (on all processors): 00:00:00


